1585485866.328570 client started (21043): version 3.1-rc, socket /run/tmux/1000/default, protocol 8
1585485866.328599 on Linux 5.5.11-1-default #1 SMP Sat Mar 21 11:11:19 UTC 2020 (794b2e9); libevent 2.1.11-stable (poll)
1585485866.328630 socket is /run/tmux/1000/default
1585485866.328645 trying connect
1585485866.328695 add peer 0x5576a2db5440: 6 ((nil))
1585485866.328767 sending message 100 to peer 0x5576a2db5440 (4 bytes)
1585485866.328778 sending message 101 to peer 0x5576a2db5440 (14 bytes)
1585485866.328784 sending message 102 to peer 0x5576a2db5440 (11 bytes)
1585485866.328789 sending message 108 to peer 0x5576a2db5440 (32 bytes)
1585485866.328795 sending message 104 to peer 0x5576a2db5440 (0 bytes)
1585485866.328801 sending message 107 to peer 0x5576a2db5440 (4 bytes)
1585485866.328817 sending message 105 to peer 0x5576a2db5440 (23 bytes)
1585485866.328824 sending message 105 to peer 0x5576a2db5440 (15 bytes)
1585485866.328829 sending message 105 to peer 0x5576a2db5440 (20 bytes)
1585485866.328834 sending message 105 to peer 0x5576a2db5440 (19 bytes)
1585485866.328840 sending message 105 to peer 0x5576a2db5440 (53 bytes)
1585485866.328845 sending message 105 to peer 0x5576a2db5440 (11 bytes)
1585485866.328850 sending message 105 to peer 0x5576a2db5440 (14 bytes)
1585485866.328856 sending message 105 to peer 0x5576a2db5440 (12 bytes)
1585485866.328861 sending message 105 to peer 0x5576a2db5440 (54 bytes)
1585485866.328866 sending message 105 to peer 0x5576a2db5440 (45 bytes)
1585485866.328871 sending message 105 to peer 0x5576a2db5440 (11 bytes)
1585485866.328877 sending message 105 to peer 0x5576a2db5440 (13 bytes)
1585485866.328882 sending message 105 to peer 0x5576a2db5440 (19 bytes)
1585485866.328887 sending message 105 to peer 0x5576a2db5440 (30 bytes)
1585485866.328892 sending message 105 to peer 0x5576a2db5440 (90 bytes)
1585485866.328898 sending message 105 to peer 0x5576a2db5440 (30 bytes)
1585485866.328903 sending message 105 to peer 0x5576a2db5440 (22 bytes)
1585485866.328908 sending message 105 to peer 0x5576a2db5440 (32 bytes)
1585485866.328913 sending message 105 to peer 0x5576a2db5440 (77 bytes)
1585485866.328919 sending message 105 to peer 0x5576a2db5440 (21 bytes)
1585485866.328924 sending message 105 to peer 0x5576a2db5440 (53 bytes)
1585485866.328929 sending message 105 to peer 0x5576a2db5440 (16 bytes)
1585485866.328934 sending message 105 to peer 0x5576a2db5440 (19 bytes)
1585485866.328940 sending message 105 to peer 0x5576a2db5440 (10 bytes)
1585485866.328945 sending message 105 to peer 0x5576a2db5440 (14 bytes)
1585485866.328950 sending message 105 to peer 0x5576a2db5440 (16 bytes)
1585485866.328955 sending message 105 to peer 0x5576a2db5440 (36 bytes)
1585485866.328960 sending message 105 to peer 0x5576a2db5440 (30 bytes)
1585485866.328966 sending message 105 to peer 0x5576a2db5440 (30 bytes)
1585485866.328971 sending message 105 to peer 0x5576a2db5440 (29 bytes)
1585485866.328976 sending message 105 to peer 0x5576a2db5440 (33 bytes)
1585485866.328981 sending message 105 to peer 0x5576a2db5440 (22 bytes)
1585485866.328986 sending message 105 to peer 0x5576a2db5440 (21 bytes)
1585485866.328991 sending message 105 to peer 0x5576a2db5440 (22 bytes)
1585485866.328996 sending message 105 to peer 0x5576a2db5440 (27 bytes)
1585485866.329001 sending message 105 to peer 0x5576a2db5440 (33 bytes)
1585485866.329007 sending message 105 to peer 0x5576a2db5440 (23 bytes)
1585485866.329012 sending message 105 to peer 0x5576a2db5440 (17 bytes)
1585485866.329017 sending message 105 to peer 0x5576a2db5440 (10 bytes)
1585485866.329022 sending message 105 to peer 0x5576a2db5440 (19 bytes)
1585485866.329027 sending message 105 to peer 0x5576a2db5440 (14 bytes)
1585485866.329033 sending message 105 to peer 0x5576a2db5440 (29 bytes)
1585485866.329038 sending message 105 to peer 0x5576a2db5440 (29 bytes)
1585485866.329043 sending message 105 to peer 0x5576a2db5440 (24 bytes)
1585485866.329048 sending message 105 to peer 0x5576a2db5440 (30 bytes)
1585485866.329054 sending message 105 to peer 0x5576a2db5440 (16 bytes)
1585485866.329069 sending message 105 to peer 0x5576a2db5440 (11 bytes)
1585485866.329076 sending message 105 to peer 0x5576a2db5440 (32 bytes)
1585485866.329081 sending message 105 to peer 0x5576a2db5440 (27 bytes)
1585485866.329087 sending message 105 to peer 0x5576a2db5440 (29 bytes)
1585485866.329092 sending message 105 to peer 0x5576a2db5440 (114 bytes)
1585485866.329097 sending message 105 to peer 0x5576a2db5440 (14 bytes)
1585485866.329103 sending message 105 to peer 0x5576a2db5440 (9 bytes)
1585485866.329108 sending message 105 to peer 0x5576a2db5440 (21 bytes)
1585485866.329113 sending message 105 to peer 0x5576a2db5440 (13 bytes)
1585485866.329118 sending message 105 to peer 0x5576a2db5440 (11 bytes)
1585485866.329124 sending message 105 to peer 0x5576a2db5440 (142 bytes)
1585485866.329129 sending message 105 to peer 0x5576a2db5440 (13 bytes)
1585485866.329134 sending message 105 to peer 0x5576a2db5440 (17 bytes)
1585485866.329139 sending message 105 to peer 0x5576a2db5440 (17 bytes)
1585485866.329145 sending message 105 to peer 0x5576a2db5440 (36 bytes)
1585485866.329150 sending message 105 to peer 0x5576a2db5440 (31 bytes)
1585485866.329155 sending message 105 to peer 0x5576a2db5440 (18 bytes)
1585485866.329160 sending message 105 to peer 0x5576a2db5440 (30 bytes)
1585485866.329166 sending message 105 to peer 0x5576a2db5440 (17 bytes)
1585485866.329171 sending message 105 to peer 0x5576a2db5440 (26 bytes)
1585485866.329176 sending message 105 to peer 0x5576a2db5440 (29 bytes)
1585485866.329181 sending message 105 to peer 0x5576a2db5440 (22 bytes)
1585485866.329186 sending message 105 to peer 0x5576a2db5440 (78 bytes)
1585485866.329191 sending message 105 to peer 0x5576a2db5440 (19 bytes)
1585485866.329197 sending message 105 to peer 0x5576a2db5440 (50 bytes)
1585485866.329202 sending message 105 to peer 0x5576a2db5440 (8 bytes)
1585485866.329207 sending message 105 to peer 0x5576a2db5440 (19 bytes)
1585485866.329212 sending message 105 to peer 0x5576a2db5440 (37 bytes)
1585485866.329217 sending message 105 to peer 0x5576a2db5440 (47 bytes)
1585485866.329223 sending message 105 to peer 0x5576a2db5440 (19 bytes)
1585485866.329228 sending message 105 to peer 0x5576a2db5440 (35 bytes)
1585485866.329233 sending message 105 to peer 0x5576a2db5440 (13 bytes)
1585485866.329239 sending message 105 to peer 0x5576a2db5440 (19 bytes)
1585485866.329244 sending message 105 to peer 0x5576a2db5440 (13 bytes)
1585485866.329249 sending message 105 to peer 0x5576a2db5440 (30 bytes)
1585485866.329254 sending message 105 to peer 0x5576a2db5440 (11 bytes)
1585485866.329259 sending message 105 to peer 0x5576a2db5440 (39 bytes)
1585485866.329264 sending message 105 to peer 0x5576a2db5440 (24 bytes)
1585485866.329270 sending message 105 to peer 0x5576a2db5440 (37 bytes)
1585485866.329275 sending message 105 to peer 0x5576a2db5440 (16 bytes)
1585485866.329280 sending message 105 to peer 0x5576a2db5440 (29 bytes)
1585485866.329285 sending message 105 to peer 0x5576a2db5440 (25 bytes)
1585485866.329290 sending message 105 to peer 0x5576a2db5440 (24 bytes)
1585485866.329295 sending message 105 to peer 0x5576a2db5440 (122 bytes)
1585485866.329300 sending message 105 to peer 0x5576a2db5440 (31 bytes)
1585485866.329305 sending message 105 to peer 0x5576a2db5440 (15 bytes)
1585485866.329311 sending message 105 to peer 0x5576a2db5440 (52 bytes)
1585485866.329316 sending message 105 to peer 0x5576a2db5440 (23 bytes)
1585485866.329321 sending message 105 to peer 0x5576a2db5440 (24 bytes)
1585485866.329326 sending message 105 to peer 0x5576a2db5440 (17 bytes)
1585485866.329331 sending message 105 to peer 0x5576a2db5440 (58 bytes)
1585485866.329336 sending message 105 to peer 0x5576a2db5440 (21 bytes)
1585485866.329342 sending message 105 to peer 0x5576a2db5440 (11 bytes)
1585485866.329347 sending message 105 to peer 0x5576a2db5440 (39 bytes)
1585485866.329352 sending message 105 to peer 0x5576a2db5440 (21 bytes)
1585485866.329357 sending message 105 to peer 0x5576a2db5440 (28 bytes)
1585485866.329362 sending message 105 to peer 0x5576a2db5440 (19 bytes)
1585485866.329374 sending message 105 to peer 0x5576a2db5440 (16 bytes)
1585485866.329380 sending message 105 to peer 0x5576a2db5440 (17 bytes)
1585485866.329385 sending message 105 to peer 0x5576a2db5440 (18 bytes)
1585485866.329391 sending message 106 to peer 0x5576a2db5440 (0 bytes)
1585485866.329396 sending message 200 to peer 0x5576a2db5440 (4 bytes)
1585485866.329401 client loop enter
1585485866.329722 peer 0x5576a2db5440 message 303
1585485866.329732 open write file 2 -
1585485866.329755 sending message 305 to peer 0x5576a2db5440 (8 bytes)
1585485866.329843 peer 0x5576a2db5440 message 304
1585485866.329851 write 58 to file 2
1585485866.329862 peer 0x5576a2db5440 message 203
1585485866.329871 file 2 58 bytes left
1585485866.329891 client loop exit
